[2021-12-04 15:28:17] app.ERROR: Data from PrestaShop Addons is invalid, and cannot fallback on cache. [] []
[2021-12-04 15:28:18] app.INFO: Protect vendor folder in module gamification [] []
[2021-12-04 15:28:18] app.INFO: Protect vendor folder in module psgdpr [] []
[2021-12-04 15:28:18] app.INFO: Protect vendor folder in module ps_mbo [] []
[2021-12-04 15:28:18] app.INFO: Protect vendor folder in module ps_buybuttonlite [] []
[2021-12-04 15:28:19] app.INFO: Protect vendor folder in module ps_facebook [] []
[2021-12-04 15:28:21] app.INFO: Protect vendor folder in module psxmarketingwithgoogle [] []
[2021-12-04 15:29:59] app.ERROR: Data from PrestaShop Addons is invalid, and cannot fallback on cache. [] []
[2021-12-04 15:30:00] app.INFO: Protect vendor folder in module ps_facetedsearch [] []
[2021-12-04 15:30:00] app.INFO: Module ps_facetedsearch has no vendor folder [] []
[2021-12-17 18:24:43] request.INFO: Matched route "admin_link_block_list". {"route":"admin_link_block_list","route_parameters":{"_controller":"PrestaShop\\Module\\LinkList\\Controller\\Admin\\Improve\\Design\\LinkBlockController::listAction","_legacy_controller":"AdminLinkWidget","_legacy_link":"AdminLinkWidget","_route":"admin_link_block_list"},"request_uri":"https://localhost/prestashop/admin096vm4ztc/index.php/modules/link-widget/list?_token=zxvuxb3J2wn-lEzGCk-UURBz8DG3ZMivmtQ_4Rcod50","method":"GET"} []
[2021-12-17 18:24:43] security.DEBUG: Read existing security token from the session. {"key":"_security_main","token_class":"Symfony\\Component\\Security\\Core\\Authentication\\Token\\UsernamePasswordToken"} []
[2021-12-17 18:24:43] security.DEBUG: User was reloaded from a user provider. {"provider":"PrestaShopBundle\\Security\\Admin\\EmployeeProvider","username":"RaisiArdal@gmail.com"} []
[2021-12-17 18:24:43] app.ERROR: Data from PrestaShop Addons is invalid, and cannot fallback on cache. [] []
[2021-12-17 18:24:44] security.DEBUG: Stored the security token in the session. {"key":"_security_main"} []
[2021-12-17 18:25:24] request.INFO: Matched route "admin_module_manage". {"route":"admin_module_manage","route_parameters":{"category":null,"keyword":null,"_controller":"PrestaShopBundle\\Controller\\Admin\\Improve\\ModuleController::manageAction","_legacy_controller":"AdminModulesManage","_legacy_link":["AdminModulesManage","AdminModulesSf"],"_route":"admin_module_manage"},"request_uri":"https://localhost/prestashop/admin096vm4ztc/index.php/improve/modules/manage?_token=zxvuxb3J2wn-lEzGCk-UURBz8DG3ZMivmtQ_4Rcod50","method":"GET"} []
[2021-12-17 18:25:24] security.DEBUG: Read existing security token from the session. {"key":"_security_main","token_class":"Symfony\\Component\\Security\\Core\\Authentication\\Token\\UsernamePasswordToken"} []
[2021-12-17 18:25:24] security.DEBUG: User was reloaded from a user provider. {"provider":"PrestaShopBundle\\Security\\Admin\\EmployeeProvider","username":"RaisiArdal@gmail.com"} []
[2021-12-17 18:25:24] app.ERROR: Data from PrestaShop Addons is invalid, and cannot fallback on cache. [] []
[2021-12-17 18:25:26] security.DEBUG: Stored the security token in the session. {"key":"_security_main"} []
[2021-12-17 18:25:27] request.INFO: Matched route "admin_module_notification_count". {"route":"admin_module_notification_count","route_parameters":{"_controller":"PrestaShopBundle\\Controller\\Admin\\Improve\\Modules\\AlertsController::notificationsCountAction","_legacy_controller":"AdminModulesNotifications","_legacy_link":"AdminModulesNotifications:count","_route":"admin_module_notification_count"},"request_uri":"https://localhost/prestashop/admin096vm4ztc/index.php/improve/modules/alerts/count?_token=zxvuxb3J2wn-lEzGCk-UURBz8DG3ZMivmtQ_4Rcod50","method":"GET"} []
[2021-12-17 18:25:27] security.DEBUG: Read existing security token from the session. {"key":"_security_main","token_class":"Symfony\\Component\\Security\\Core\\Authentication\\Token\\UsernamePasswordToken"} []
[2021-12-17 18:25:27] security.DEBUG: User was reloaded from a user provider. {"provider":"PrestaShopBundle\\Security\\Admin\\EmployeeProvider","username":"RaisiArdal@gmail.com"} []
[2021-12-17 18:25:28] app.ERROR: Data from PrestaShop Addons is invalid, and cannot fallback on cache. [] []
[2021-12-17 18:25:28] security.DEBUG: Stored the security token in the session. {"key":"_security_main"} []
[2021-12-17 18:25:44] request.INFO: Matched route "admin_module_configure_action". {"route":"admin_module_configure_action","route_parameters":{"_controller":"PrestaShopBundle\\Controller\\Admin\\Improve\\ModuleController::configureModuleAction","_legacy_controller":"AdminModules","module_name":"ps_imageslider","_route":"admin_module_configure_action"},"request_uri":"https://localhost/prestashop/admin096vm4ztc/index.php/improve/modules/manage/action/configure/ps_imageslider?_token=zxvuxb3J2wn-lEzGCk-UURBz8DG3ZMivmtQ_4Rcod50","method":"GET"} []
[2021-12-17 18:25:44] security.DEBUG: Read existing security token from the session. {"key":"_security_main","token_class":"Symfony\\Component\\Security\\Core\\Authentication\\Token\\UsernamePasswordToken"} []
[2021-12-17 18:25:44] security.DEBUG: User was reloaded from a user provider. {"provider":"PrestaShopBundle\\Security\\Admin\\EmployeeProvider","username":"RaisiArdal@gmail.com"} []
[2021-12-17 18:25:44] app.ERROR: Data from PrestaShop Addons is invalid, and cannot fallback on cache. [] []
[2021-12-17 18:25:45] security.DEBUG: Stored the security token in the session. {"key":"_security_main"} []
[2021-12-18 20:25:50] request.INFO: Matched route "admin_module_manage". {"route":"admin_module_manage","route_parameters":{"category":null,"keyword":null,"_controller":"PrestaShopBundle\\Controller\\Admin\\Improve\\ModuleController::manageAction","_legacy_controller":"AdminModulesManage","_legacy_link":["AdminModulesManage","AdminModulesSf"],"_route":"admin_module_manage"},"request_uri":"https://localhost/prestashop/admin096vm4ztc/index.php/improve/modules/manage?_token=lxpXyY328r9lWYgINImv76cIQ5WEKPW1LcsHlalFOQM","method":"GET"} []
[2021-12-18 20:25:52] security.DEBUG: Read existing security token from the session. {"key":"_security_main","token_class":"Symfony\\Component\\Security\\Core\\Authentication\\Token\\UsernamePasswordToken"} []
[2021-12-18 20:25:52] security.DEBUG: User was reloaded from a user provider. {"provider":"PrestaShopBundle\\Security\\Admin\\EmployeeProvider","username":"RaisiArdal@gmail.com"} []
[2021-12-18 20:25:53] app.ERROR: Data from PrestaShop Addons is invalid, and cannot fallback on cache. [] []
[2021-12-18 20:26:01] security.DEBUG: Stored the security token in the session. {"key":"_security_main"} []
[2021-12-18 20:26:05] request.INFO: Matched route "admin_module_notification_count". {"route":"admin_module_notification_count","route_parameters":{"_controller":"PrestaShopBundle\\Controller\\Admin\\Improve\\Modules\\AlertsController::notificationsCountAction","_legacy_controller":"AdminModulesNotifications","_legacy_link":"AdminModulesNotifications:count","_route":"admin_module_notification_count"},"request_uri":"https://localhost/prestashop/admin096vm4ztc/index.php/improve/modules/alerts/count?_token=lxpXyY328r9lWYgINImv76cIQ5WEKPW1LcsHlalFOQM","method":"GET"} []
[2021-12-18 20:26:06] security.DEBUG: Read existing security token from the session. {"key":"_security_main","token_class":"Symfony\\Component\\Security\\Core\\Authentication\\Token\\UsernamePasswordToken"} []
[2021-12-18 20:26:06] security.DEBUG: User was reloaded from a user provider. {"provider":"PrestaShopBundle\\Security\\Admin\\EmployeeProvider","username":"RaisiArdal@gmail.com"} []
[2021-12-18 20:26:07] app.ERROR: Data from PrestaShop Addons is invalid, and cannot fallback on cache. [] []
[2021-12-18 20:26:08] security.DEBUG: Stored the security token in the session. {"key":"_security_main"} []
[2021-12-18 23:37:48] request.INFO: Matched route "admin_module_manage". {"route":"admin_module_manage","route_parameters":{"category":null,"keyword":null,"_controller":"PrestaShopBundle\\Controller\\Admin\\Improve\\ModuleController::manageAction","_legacy_controller":"AdminModulesManage","_legacy_link":["AdminModulesManage","AdminModulesSf"],"_route":"admin_module_manage"},"request_uri":"https://localhost/prestashop/admin096vm4ztc/index.php/improve/modules/manage?_token=lxpXyY328r9lWYgINImv76cIQ5WEKPW1LcsHlalFOQM","method":"GET"} []
[2021-12-18 23:37:48] security.DEBUG: Read existing security token from the session. {"key":"_security_main","token_class":"Symfony\\Component\\Security\\Core\\Authentication\\Token\\UsernamePasswordToken"} []
[2021-12-18 23:37:48] security.DEBUG: User was reloaded from a user provider. {"provider":"PrestaShopBundle\\Security\\Admin\\EmployeeProvider","username":"RaisiArdal@gmail.com"} []
[2021-12-18 23:37:53] app.ERROR: Data from PrestaShop Addons is invalid, and cannot fallback on cache. [] []
[2021-12-18 23:38:22] request.INFO: Matched route "admin_module_notification_count". {"route":"admin_module_notification_count","route_parameters":{"_controller":"PrestaShopBundle\\Controller\\Admin\\Improve\\Modules\\AlertsController::notificationsCountAction","_legacy_controller":"AdminModulesNotifications","_legacy_link":"AdminModulesNotifications:count","_route":"admin_module_notification_count"},"request_uri":"https://localhost/prestashop/admin096vm4ztc/index.php/improve/modules/alerts/count?_token=lxpXyY328r9lWYgINImv76cIQ5WEKPW1LcsHlalFOQM","method":"GET"} []
[2021-12-18 23:38:23] security.DEBUG: Read existing security token from the session. {"key":"_security_main","token_class":"Symfony\\Component\\Security\\Core\\Authentication\\Token\\UsernamePasswordToken"} []
[2021-12-18 23:38:23] security.DEBUG: User was reloaded from a user provider. {"provider":"PrestaShopBundle\\Security\\Admin\\EmployeeProvider","username":"RaisiArdal@gmail.com"} []
[2021-12-18 23:38:28] app.ERROR: Data from PrestaShop Addons is invalid, and cannot fallback on cache. [] []
[2021-12-18 23:38:28] security.DEBUG: Stored the security token in the session. {"key":"_security_main"} []
[2021-12-18 23:38:22] request.INFO: Matched route "admin_module_catalog_refresh". {"route":"admin_module_catalog_refresh","route_parameters":{"category":null,"keyword":null,"_controller":"PrestaShopBundle\\Controller\\Admin\\Improve\\ModuleController::refreshCatalogAction","_legacy_controller":"AdminModulesCatalog","_legacy_link":"AdminModulesCatalog:refresh","_route":"admin_module_catalog_refresh"},"request_uri":"https://localhost/prestashop/admin096vm4ztc/index.php/improve/modules/catalog/refresh?_token=lxpXyY328r9lWYgINImv76cIQ5WEKPW1LcsHlalFOQM","method":"GET"} []
[2021-12-18 23:38:28] security.DEBUG: Read existing security token from the session. {"key":"_security_main","token_class":"Symfony\\Component\\Security\\Core\\Authentication\\Token\\UsernamePasswordToken"} []
[2021-12-18 23:38:28] security.DEBUG: User was reloaded from a user provider. {"provider":"PrestaShopBundle\\Security\\Admin\\EmployeeProvider","username":"RaisiArdal@gmail.com"} []
[2021-12-18 23:38:33] app.ERROR: Data from PrestaShop Addons is invalid, and cannot fallback on cache. [] []
[2021-12-18 23:38:34] security.DEBUG: Stored the security token in the session. {"key":"_security_main"} []
[2021-12-18 23:39:55] request.INFO: Matched route "admin_module_notification_count". {"route":"admin_module_notification_count","route_parameters":{"_controller":"PrestaShopBundle\\Controller\\Admin\\Improve\\Modules\\AlertsController::notificationsCountAction","_legacy_controller":"AdminModulesNotifications","_legacy_link":"AdminModulesNotifications:count","_route":"admin_module_notification_count"},"request_uri":"https://localhost/prestashop/admin096vm4ztc/index.php/improve/modules/alerts/count?_token=lxpXyY328r9lWYgINImv76cIQ5WEKPW1LcsHlalFOQM","method":"GET"} []
[2021-12-18 23:39:56] security.DEBUG: Read existing security token from the session. {"key":"_security_main","token_class":"Symfony\\Component\\Security\\Core\\Authentication\\Token\\UsernamePasswordToken"} []
[2021-12-18 23:39:56] security.DEBUG: User was reloaded from a user provider. {"provider":"PrestaShopBundle\\Security\\Admin\\EmployeeProvider","username":"RaisiArdal@gmail.com"} []
[2021-12-18 23:40:01] app.ERROR: Data from PrestaShop Addons is invalid, and cannot fallback on cache. [] []
[2021-12-18 23:40:01] security.DEBUG: Stored the security token in the session. {"key":"_security_main"} []
[2021-12-18 23:39:55] request.INFO: Matched route "admin_module_catalog_refresh". {"route":"admin_module_catalog_refresh","route_parameters":{"category":null,"keyword":null,"_controller":"PrestaShopBundle\\Controller\\Admin\\Improve\\ModuleController::refreshCatalogAction","_legacy_controller":"AdminModulesCatalog","_legacy_link":"AdminModulesCatalog:refresh","_route":"admin_module_catalog_refresh"},"request_uri":"https://localhost/prestashop/admin096vm4ztc/index.php/improve/modules/catalog/refresh?_token=lxpXyY328r9lWYgINImv76cIQ5WEKPW1LcsHlalFOQM","method":"GET"} []
[2021-12-18 23:40:01] security.DEBUG: Read existing security token from the session. {"key":"_security_main","token_class":"Symfony\\Component\\Security\\Core\\Authentication\\Token\\UsernamePasswordToken"} []
[2021-12-18 23:40:01] security.DEBUG: User was reloaded from a user provider. {"provider":"PrestaShopBundle\\Security\\Admin\\EmployeeProvider","username":"RaisiArdal@gmail.com"} []
[2021-12-18 23:40:07] app.ERROR: Data from PrestaShop Addons is invalid, and cannot fallback on cache. [] []
[2021-12-18 23:40:07] security.DEBUG: Stored the security token in the session. {"key":"_security_main"} []
[2021-12-24 15:04:35] request.INFO: Matched route "admin_cms_pages_index". {"route":"admin_cms_pages_index","route_parameters":{"_controller":"PrestaShopBundle\\Controller\\Admin\\Improve\\Design\\CmsPageController::indexAction","_legacy_controller":"AdminCmsContent","_legacy_link":"AdminCmsContent","_route":"admin_cms_pages_index"},"request_uri":"https://localhost/prestashop/admin096vm4ztc/index.php/improve/design/cms-pages/?_token=Jo3xv4eS_lgof1XwdIOJdW8B7sMzCdAD6R660tpSYtc","method":"GET"} []
[2021-12-24 15:04:35] security.DEBUG: Read existing security token from the session. {"key":"_security_main","token_class":"Symfony\\Component\\Security\\Core\\Authentication\\Token\\UsernamePasswordToken"} []
[2021-12-24 15:04:35] security.DEBUG: User was reloaded from a user provider. {"provider":"PrestaShopBundle\\Security\\Admin\\EmployeeProvider","username":"RaisiArdal@gmail.com"} []
[2021-12-24 15:04:47] request.CRITICAL: Uncaught PHP Exception Symfony\Component\Debug\Exception\FatalErrorException: "Error: Maximum execution time of 120 seconds exceeded" at C:\xampp\htdocs\prestashop\vendor\symfony\symfony\src\Symfony\Component\DependencyInjection\ContainerBuilder.php line 410 {"exception":"[object] (Symfony\\Component\\Debug\\Exception\\FatalErrorException(code: 0): Error: Maximum execution time of 120 seconds exceeded at C:\\xampp\\htdocs\\prestashop\\vendor\\symfony\\symfony\\src\\Symfony\\Component\\DependencyInjection\\ContainerBuilder.php:410)"} []
[2021-12-24 15:04:48] security.DEBUG: Stored the security token in the session. {"key":"_security_main"} []
[2021-12-24 21:53:48] request.INFO: Matched route "admin_module_manage". {"route":"admin_module_manage","route_parameters":{"category":null,"keyword":null,"_controller":"PrestaShopBundle\\Controller\\Admin\\Improve\\ModuleController::manageAction","_legacy_controller":"AdminModulesManage","_legacy_link":["AdminModulesManage","AdminModulesSf"],"_route":"admin_module_manage"},"request_uri":"https://localhost/prestashop/admin096vm4ztc/index.php/improve/modules/manage?_token=xCF5S7njCl-T5ePo6j02vp04MDTRz7g7tQQx7eKQwQ4","method":"GET"} []
[2021-12-24 21:53:48] security.DEBUG: Read existing security token from the session. {"key":"_security_main","token_class":"Symfony\\Component\\Security\\Core\\Authentication\\Token\\UsernamePasswordToken"} []
[2021-12-24 21:53:48] security.DEBUG: User was reloaded from a user provider. {"provider":"PrestaShopBundle\\Security\\Admin\\EmployeeProvider","username":"RaisiArdal@gmail.com"} []
[2021-12-24 21:53:53] app.ERROR: Data from PrestaShop Addons is invalid, and cannot fallback on cache. [] []
[2021-12-24 21:53:57] security.DEBUG: Stored the security token in the session. {"key":"_security_main"} []
[2021-12-24 21:53:53] request.INFO: Matched route "admin_product_form". {"route":"admin_product_form","route_parameters":{"_controller":"PrestaShopBundle\\Controller\\Admin\\ProductController::formAction","_legacy_controller":"AdminProducts","_legacy_param_mapper_class":"PrestaShop\\PrestaShop\\Adapter\\Product\\AdminProductDataProvider","_legacy_param_mapper_method":"mapLegacyParametersProductForm","id":"23","_route":"admin_product_form"},"request_uri":"https://localhost/prestashop/admin096vm4ztc/index.php/sell/catalog/products/23?_token=xCF5S7njCl-T5ePo6j02vp04MDTRz7g7tQQx7eKQwQ4","method":"GET"} []
[2021-12-24 21:53:57] security.DEBUG: Read existing security token from the session. {"key":"_security_main","token_class":"Symfony\\Component\\Security\\Core\\Authentication\\Token\\UsernamePasswordToken"} []
[2021-12-24 21:53:57] security.DEBUG: User was reloaded from a user provider. {"provider":"PrestaShopBundle\\Security\\Admin\\EmployeeProvider","username":"RaisiArdal@gmail.com"} []
[2021-12-24 21:54:04] app.ERROR: Data from PrestaShop Addons is invalid, and cannot fallback on cache. [] []
[2021-12-24 21:54:04] security.DEBUG: Stored the security token in the session. {"key":"_security_main"} []
[2021-12-24 21:53:58] request.INFO: Matched route "admin_product_form". {"route":"admin_product_form","route_parameters":{"_controller":"PrestaShopBundle\\Controller\\Admin\\ProductController::formAction","_legacy_controller":"AdminProducts","_legacy_param_mapper_class":"PrestaShop\\PrestaShop\\Adapter\\Product\\AdminProductDataProvider","_legacy_param_mapper_method":"mapLegacyParametersProductForm","id":"21","_route":"admin_product_form"},"request_uri":"https://localhost/prestashop/admin096vm4ztc/index.php/sell/catalog/products/21?_token=xCF5S7njCl-T5ePo6j02vp04MDTRz7g7tQQx7eKQwQ4","method":"GET"} []
[2021-12-24 21:54:04] security.DEBUG: Read existing security token from the session. {"key":"_security_main","token_class":"Symfony\\Component\\Security\\Core\\Authentication\\Token\\UsernamePasswordToken"} []
[2021-12-24 21:54:04] security.DEBUG: User was reloaded from a user provider. {"provider":"PrestaShopBundle\\Security\\Admin\\EmployeeProvider","username":"RaisiArdal@gmail.com"} []
[2021-12-24 21:54:10] app.ERROR: Data from PrestaShop Addons is invalid, and cannot fallback on cache. [] []
[2021-12-24 21:54:11] security.DEBUG: Stored the security token in the session. {"key":"_security_main"} []
